;  LST file generated by mikroListExporter - v.2.0 
; Date/Time: 23/01/2016 16:07:17
;----------------------------------------------

;Address Opcode 	ASM
0x0000	0xF008EF00  	GOTO        4096
0x0004	0x0000      	NOP
0x0006	0x0000      	NOP
0x0008	0xF000EF00  	GOTO        0
0x000C	0x0000      	NOP
0x000E	0x0000      	NOP
0x0010	0x0000      	NOP
0x0012	0x0000      	NOP
0x0014	0x0000      	NOP
0x0016	0x0000      	NOP
0x0018	0xD7F3      	BRA         0
_main:
;PiscaLed.c,3 :: 		void main (void) org 0x1000
;PiscaLed.c,5 :: 		AFSmartBoard_Init(); // função que inicializa a placa AFSmartBoard
0x1000	0xD81B      	RCALL       _AFSmartBoard_Init
;PiscaLed.c,7 :: 		PORTA.RA5 = 1;
0x1002	0x8A80      	BSF         PORTA, 5 
;PiscaLed.c,8 :: 		while (1)
L_main0:
;PiscaLed.c,11 :: 		PORTA.RA5 ^= 1;
0x1004	0x7A80      	BTG         PORTA, 5 
;PiscaLed.c,12 :: 		PORTA.RA4 ^= 1;
0x1006	0x7880      	BTG         PORTA, 4 
;PiscaLed.c,14 :: 		Delay_ms(2000);
0x1008	0x0E33      	MOVLW       51
0x100A	0x6E0B      	MOVWF       R11, 0
0x100C	0x0EBB      	MOVLW       187
0x100E	0x6E0C      	MOVWF       R12, 0
0x1010	0x0EDF      	MOVLW       223
0x1012	0x6E0D      	MOVWF       R13, 0
L_main2:
0x1014	0x2E0D      	DECFSZ      R13, 1, 0
0x1016	0xD7FE      	BRA         L_main2
0x1018	0x2E0C      	DECFSZ      R12, 1, 0
0x101A	0xD7FC      	BRA         L_main2
0x101C	0x2E0B      	DECFSZ      R11, 1, 0
0x101E	0xD7FA      	BRA         L_main2
0x1020	0x0000      	NOP
0x1022	0x0000      	NOP
;PiscaLed.c,15 :: 		}
0x1024	0xD7EF      	BRA         L_main0
;PiscaLed.c,16 :: 		}
L_end_main:
0x1026	0xD7FF      	BRA         $+0
; end of _main
___CC2DW:
;__Lib_System.c,21 :: 		
;__Lib_System.c,23 :: 		
_CC2DL_Loop1:
;__Lib_System.c,24 :: 		
0x1028	0x0009      	TBLRD*+
;__Lib_System.c,25 :: 		
0x102A	0xFFE6CFF5  	MOVFF       TABLAT, POSTINC1
;__Lib_System.c,26 :: 		
0x102E	0x0600      	DECF        R0, 1, 0
;__Lib_System.c,27 :: 		
0x1030	0xE1FB      	BNZ         _CC2DL_Loop1
;__Lib_System.c,28 :: 		
0x1032	0x0601      	DECF        R1, 1, 0
;__Lib_System.c,29 :: 		
0x1034	0xE1F9      	BNZ         _CC2DL_Loop1
;__Lib_System.c,31 :: 		
L_end___CC2DW:
0x1036	0x0012      	RETURN      0
; end of ___CC2DW
_AFSmartBoard_Init:
;PiscaLed.c,17 :: 		void AFSmartBoard_Init (void)
;PiscaLed.c,19 :: 		RCON = 0X80; // Limpa o Registro de Reset
0x1038	0x0E80      	MOVLW       128
0x103A	0x6ED0      	MOVWF       RCON 
;PiscaLed.c,20 :: 		ADCON1 = 0x0F; // Configura todas a portas como Portas Analogicas exeto A0
0x103C	0x0E0F      	MOVLW       15
0x103E	0x6EC1      	MOVWF       ADCON1 
;PiscaLed.c,21 :: 		CMCON = 0x0F; // Desabilita o Comparador
0x1040	0x0E0F      	MOVLW       15
0x1042	0x6EB4      	MOVWF       CMCON 
;PiscaLed.c,22 :: 		LATA = 0;
0x1044	0x6A89      	CLRF        LATA 
;PiscaLed.c,23 :: 		TRISA = 0b11001111;
0x1046	0x0ECF      	MOVLW       207
0x1048	0x6E92      	MOVWF       TRISA 
;PiscaLed.c,24 :: 		T0CON = 0b11000101; // Habilita Timer , 8 bits,clock interno, preescale 1:64
0x104A	0x0EC5      	MOVLW       197
0x104C	0x6ED5      	MOVWF       T0CON 
;PiscaLed.c,25 :: 		LATB = 0; // Limpa Latch PortB
0x104E	0x6A8A      	CLRF        LATB 
;PiscaLed.c,26 :: 		TRISB = 0; // Coloca todos como tudo Saida
0x1050	0x6A93      	CLRF        TRISB 
;PiscaLed.c,27 :: 		LATD = 0;
0x1052	0x6A8C      	CLRF        LATD 
;PiscaLed.c,28 :: 		TRISD = 0x00; // Colocar PORTD como saída
0x1054	0x6A95      	CLRF        TRISD 
;PiscaLed.c,29 :: 		LATE = 0;
0x1056	0x6A8D      	CLRF        LATE 
;PiscaLed.c,30 :: 		}
L_end_AFSmartBoard_Init:
0x1058	0x0012      	RETURN      0
; end of _AFSmartBoard_Init
Symbol List:
//** Routines locations **
//ADDRESS    SIZE    PROCEDURE
//----------------------------------------------
0x1000      [40]    _main
0x1028      [16]    ___CC2DW
0x1038      [34]    _AFSmartBoard_Init
//** Variables locations ** 
//ADDRESS    SIZE    VARIABLE
//----------------------------------------------
0x0000       [1]    FLASH_Erase_64_SaveINTCON_L0
0x0000       [1]    __Lib_SoftI2C_PutZerosToLATSda_temp_sda_L0
0x0000       [1]    R0
0x0000       [1]    UART1_Init_tmp_L0
0x0000       [1]    __Lib_SoftI2C_PutZerosToLATScl_temp_scl_L0
0x0000       [1]    EEPROM_Write_SaveINTCON_L0
0x0000       [1]    SPI1_Write_tmp_L0
0x0001       [1]    __Lib_PS2_Wait_Falling_nsample_L0
0x0001       [1]    __Lib_TFT_16bit_JPEG_FileReadBytes_Result_L0
0x0001       [2]    FLASH_Read_N_Bytes_i_L0
0x0001       [1]    R1
0x0001       [1]    UART1_Read___tmp_UART1_Read_L0
0x0001       [1]    __Lib_TFT_JPEG_FileRead_i_L0
0x0001       [1]    I2C1_Rd_tmp_L0
0x0001       [1]    __Lib_TFT_JPEG_FileReadBytes_Result_L0
0x0001       [1]    FLASH_Write_32_i_L0
0x0001       [1]    __Lib_TFT_16bit_JPEG_FileRead_i_L0
0x0001       [1]    FLASH_Erase_Write_64_i_L0
0x0001       [1]    ispunct_rslt_L0
0x0002       [1]    __Lib_USB_genHID_USB_CtrlTrf_Rx_Service_byteToRead_L0
0x0002       [1]    R2
0x0002       [2]    memset_pp_L0
0x0002       [1]    FLASH_Write_32_SaveINTCON_L0
0x0002       [2]    strlen_cp_L0
0x0002       [2]    memcpy_dd_L0
0x0002       [2]    __Lib_USB_genHID_memset_usb_pp_L0
0x0002       [2]    __Lib_USB_genHID_memset_usb_int_pp_L0
0x0002       [2]    memchr_s_L0
0x0002       [1]    FLASH_Erase_Write_64_j_L0
0x0003       [1]    FLASH_Erase_Write_64_SaveINTCON_L0
0x0003       [2]    __Lib_MmcFat16_f16_toInt_l_L0
0x0003       [1]    MM_Init_i_L0
0x0003       [2]    memmove_tt_L0
0x0003       [2]    Ltrim_original_L0
0x0003       [2]    __Lib_USB_genHID_USB_CtrlTrf_Tx_Service_byteToSend_L0
0x0003       [1]    R3
0x0003       [1]    __Lib_USB_genHID_USB_CtrlTrf_Rx_Service_i_L0
0x0003       [2]    MM_TotalFreeMemSize_Tot_L0
0x0004       [1]    __Lib_USB_genHID_GetMaxIndexInDevDsc_index_L0
0x0004       [2]    __Lib_MemManager_MM_GetMemAlign_P_L0
0x0004       [2]    __Lib_USB_genHID_USB_Transfer_Packet_Int_handle_L0
0x0004       [2]    strncpy_cp_L0
0x0004       [2]    strncat_cp_L0
0x0004       [2]    __Lib_USB_genHID_USB_Std_Feature_Req_Handler_p_L0
0x0004       [2]    strcat_cp_L0
0x0004       [2]    __Lib_USB_genHID_USB_Get_Status_Handler_p_L2
0x0004       [2]    strcpy_cp_L0
0x0004       [1]    R4
0x0004       [2]    memcpy_ss_L0
0x0004       [2]    __Lib_USB_genHID_USB_Transfer_Packet_handle_L0
0x0004       [2]    frexp_pom_L0
0x0005       [2]    LongWordToHex_input_half_L0
0x0005       [2]    LongIntToHex_input_half_L0
0x0005       [1]    R5
0x0005       [2]    memmove_ff_L0
0x0005       [1]    MM_TotalFreeMemSize_i_L0
0x0005       [2]    __Lib_USB_genHID_USB_Configure_Endpoint_handle_L0
0x0005       [2]    Ltrim_p_L0
0x0006       [2]    __Lib_USB_genHID_GetMaxIndexInConfigDsc_totalLen_L0
0x0006       [1]    __Lib_MemManager_MM_GetMemAlign_i_L0
0x0006       [1]    R6
0x0007       [1]    R7
0x0007       [1]    __Lib_TFT_16bit_JPEG_GenerateHuffmanTables_bLength_L0
0x0007       [1]    __Lib_TFT_JPEG_GenerateHuffmanTables_bLength_L0
0x0008       [3]    __Lib_USB_genHID_GetMaxIndexInConfigDsc_ptr_L0
0x0008       [1]    R8
0x0008       [1]    __Lib_TFT_JPEG_GenerateHuffmanTables_bTable_L0
0x0008       [1]    __Lib_TFT_16bit_JPEG_GenerateHuffmanTables_bTable_L0
0x0009       [1]    R9
0x0009       [4]    __Lib_MmcFat16_f16_toLong_l_L0
0x000A       [1]    R10
0x000B       [1]    R11
0x000C       [1]    R12
0x000D       [1]    R13
0x000E       [1]    R14
0x000F       [1]    R15
0x0010       [1]    R16
0x0011       [1]    R17
0x0012       [1]    R18
0x0013       [1]    R19
0x0014       [1]    R20
0x0F80       [1]    PORTA
0x0F89       [1]    LATA
0x0F8A       [1]    LATB
0x0F8C       [1]    LATD
0x0F8D       [1]    LATE
0x0F92       [1]    TRISA
0x0F93       [1]    TRISB
0x0F95       [1]    TRISD
0x0FB4       [1]    CMCON
0x0FC1       [1]    ADCON1
0x0FD0       [1]    RCON
0x0FD5       [1]    T0CON
0x0FD8       [1]    STATUS
0x0FD9       [1]    FSR2L
0x0FDA       [1]    FSR2H
0x0FDE       [1]    POSTINC2
0x0FE0       [1]    BSR
0x0FE1       [1]    FSR1L
0x0FE2       [1]    FSR1H
0x0FE4       [1]    PREINC1
0x0FE6       [1]    POSTINC1
0x0FE7       [1]    INDF1
0x0FE8       [1]    WREG
0x0FE9       [1]    FSR0L
0x0FEA       [1]    FSR0H
0x0FEE       [1]    POSTINC0
0x0FF3       [1]    PRODL
0x0FF4       [1]    PRODH
0x0FF5       [1]    TABLAT
0x0FF6       [1]    TBLPTRL
0x0FF7       [1]    TBLPTRH
0x0FF8       [1]    TBLPTRU
//** Label List: ** 
//----------------------------------------------
  L_main0
  L_main1
  L_main2
  L_end_main
  _main
  L_end_AFSmartBoard_Init
  _AFSmartBoard_Init
  _CC2D_Loop1
  _CC2DL_Loop1
  L_loopCA2AWs
  L_loopCCA2AWs
  L_loopCS2Ss
  L_CS2Send
  L_loopCCS2Ss
  L_CCS2Send
  L_loopFZinSWs
  L_longjmp7
  L_end___CC2D
  ___CC2D
  L_end___CC2DW
  ___CC2DW
  L_end___CA2AW
  ___CA2AW
  L_end___CCA2AW
  ___CCA2AW
  L_end___CS2S
  ___CS2S
  L_end___CCS2S
  ___CCS2S
  L_end___FZinS
  ___FZinS
  L_end_____DoIFC
  _____DoIFC
  L_end_Swap
  _Swap
  L_end_setjmp
  _setjmp
  L_end_longjmp
  _longjmp
