;  LST file generated by mikroListExporter - v.2.0 
; Date/Time: 23/01/2016 16:35:29
;----------------------------------------------

;Address Opcode 	ASM
0x0000	0xF008EF00  	GOTO        4096
0x0004	0x0000      	NOP
0x0006	0x0000      	NOP
0x0008	0xF000EF00  	GOTO        0
0x000C	0x0000      	NOP
0x000E	0x0000      	NOP
0x0010	0x0000      	NOP
0x0012	0x0000      	NOP
0x0014	0x0000      	NOP
0x0016	0x0000      	NOP
0x0018	0xD7F3      	BRA         0
_main:
0x1000	0xF009ECB7  	CALL        4974, 0
;DisplayLCD16x2(MikroC).c,62 :: 		void main (void) org 0x1000
;DisplayLCD16x2(MikroC).c,65 :: 		AFSmartBoard_Init();                // inicia placa
0x1004	0xD8EF      	RCALL       _AFSmartBoard_Init
;DisplayLCD16x2(MikroC).c,67 :: 		lcd_init ( );
0x1006	0xD946      	RCALL       _Lcd_Init
;DisplayLCD16x2(MikroC).c,68 :: 		lcd_cmd (_LCD_CLEAR);
0x1008	0x0E01      	MOVLW       1
0x100A	0x0100      	MOVLB       0
0x100C	0x6F62      	MOVWF       FARG_Lcd_Cmd_out_char, 1
0x100E	0xD8A5      	RCALL       _Lcd_Cmd
;DisplayLCD16x2(MikroC).c,69 :: 		lcd_cmd (_LCD_CURSOR_OFF);
0x1010	0x0E0C      	MOVLW       12
0x1012	0x6F62      	MOVWF       FARG_Lcd_Cmd_out_char, 1
0x1014	0xD8A2      	RCALL       _Lcd_Cmd
;DisplayLCD16x2(MikroC).c,73 :: 		AFSmartBoard_str (1,1, MsgWelcome3 );
0x1016	0x0E01      	MOVLW       1
0x1018	0x6E5C      	MOVWF       FARG_Lcd_Out_row 
0x101A	0x0E01      	MOVLW       1
0x101C	0x6E5D      	MOVWF       FARG_Lcd_Out_column 
0x101E	0x0E37      	MOVLW       _MsgWelcome3
0x1020	0x6E5E      	MOVWF       FARG_Lcd_Out_text 
0x1022	0x0E00      	MOVLW       hi_addr(_MsgWelcome3)
0x1024	0x6E5F      	MOVWF       FARG_Lcd_Out_text+1 
0x1026	0xD8F9      	RCALL       _Lcd_Out
;DisplayLCD16x2(MikroC).c,74 :: 		DELAY_MS (500);
0x1028	0x0E0D      	MOVLW       13
0x102A	0x6E0B      	MOVWF       R11, 0
0x102C	0x0EAF      	MOVLW       175
0x102E	0x6E0C      	MOVWF       R12, 0
0x1030	0x0EB6      	MOVLW       182
0x1032	0x6E0D      	MOVWF       R13, 0
L_main2:
0x1034	0x2E0D      	DECFSZ      R13, 1, 0
0x1036	0xD7FE      	BRA         L_main2
0x1038	0x2E0C      	DECFSZ      R12, 1, 0
0x103A	0xD7FC      	BRA         L_main2
0x103C	0x2E0B      	DECFSZ      R11, 1, 0
0x103E	0xD7FA      	BRA         L_main2
0x1040	0x0000      	NOP
;DisplayLCD16x2(MikroC).c,75 :: 		AFSmartBoard_str (2,1, MsgWelcome4 ) ;
0x1042	0x0E02      	MOVLW       2
0x1044	0x6E5C      	MOVWF       FARG_Lcd_Out_row 
0x1046	0x0E01      	MOVLW       1
0x1048	0x6E5D      	MOVWF       FARG_Lcd_Out_column 
0x104A	0x0E26      	MOVLW       _MsgWelcome4
0x104C	0x6E5E      	MOVWF       FARG_Lcd_Out_text 
0x104E	0x0E00      	MOVLW       hi_addr(_MsgWelcome4)
0x1050	0x6E5F      	MOVWF       FARG_Lcd_Out_text+1 
0x1052	0xD8E3      	RCALL       _Lcd_Out
;DisplayLCD16x2(MikroC).c,76 :: 		Delay_ms (500);
0x1054	0x0E0D      	MOVLW       13
0x1056	0x6E0B      	MOVWF       R11, 0
0x1058	0x0EAF      	MOVLW       175
0x105A	0x6E0C      	MOVWF       R12, 0
0x105C	0x0EB6      	MOVLW       182
0x105E	0x6E0D      	MOVWF       R13, 0
L_main3:
0x1060	0x2E0D      	DECFSZ      R13, 1, 0
0x1062	0xD7FE      	BRA         L_main3
0x1064	0x2E0C      	DECFSZ      R12, 1, 0
0x1066	0xD7FC      	BRA         L_main3
0x1068	0x2E0B      	DECFSZ      R11, 1, 0
0x106A	0xD7FA      	BRA         L_main3
0x106C	0x0000      	NOP
;DisplayLCD16x2(MikroC).c,77 :: 		LCD_cmd (_LCD_CLEAR);
0x106E	0x0E01      	MOVLW       1
0x1070	0x6F62      	MOVWF       FARG_Lcd_Cmd_out_char, 1
0x1072	0xD873      	RCALL       _Lcd_Cmd
;DisplayLCD16x2(MikroC).c,79 :: 		AFSmartBoard_str (1,1, MsgWelcome1 );
0x1074	0x0E01      	MOVLW       1
0x1076	0x6E5C      	MOVWF       FARG_Lcd_Out_row 
0x1078	0x0E01      	MOVLW       1
0x107A	0x6E5D      	MOVWF       FARG_Lcd_Out_column 
0x107C	0x0E48      	MOVLW       _MsgWelcome1
0x107E	0x6E5E      	MOVWF       FARG_Lcd_Out_text 
0x1080	0x0E00      	MOVLW       hi_addr(_MsgWelcome1)
0x1082	0x6E5F      	MOVWF       FARG_Lcd_Out_text+1 
0x1084	0xD8CA      	RCALL       _Lcd_Out
;DisplayLCD16x2(MikroC).c,80 :: 		DELAY_MS (500);
0x1086	0x0E0D      	MOVLW       13
0x1088	0x6E0B      	MOVWF       R11, 0
0x108A	0x0EAF      	MOVLW       175
0x108C	0x6E0C      	MOVWF       R12, 0
0x108E	0x0EB6      	MOVLW       182
0x1090	0x6E0D      	MOVWF       R13, 0
L_main4:
0x1092	0x2E0D      	DECFSZ      R13, 1, 0
0x1094	0xD7FE      	BRA         L_main4
0x1096	0x2E0C      	DECFSZ      R12, 1, 0
0x1098	0xD7FC      	BRA         L_main4
0x109A	0x2E0B      	DECFSZ      R11, 1, 0
0x109C	0xD7FA      	BRA         L_main4
0x109E	0x0000      	NOP
;DisplayLCD16x2(MikroC).c,81 :: 		AFSmartBoard_str (2,1, MsgWelcome2 ) ;
0x10A0	0x0E02      	MOVLW       2
0x10A2	0x6E5C      	MOVWF       FARG_Lcd_Out_row 
0x10A4	0x0E01      	MOVLW       1
0x10A6	0x6E5D      	MOVWF       FARG_Lcd_Out_column 
0x10A8	0x0E15      	MOVLW       _MsgWelcome2
0x10AA	0x6E5E      	MOVWF       FARG_Lcd_Out_text 
0x10AC	0x0E00      	MOVLW       hi_addr(_MsgWelcome2)
0x10AE	0x6E5F      	MOVWF       FARG_Lcd_Out_text+1 
0x10B0	0xD8B4      	RCALL       _Lcd_Out
;DisplayLCD16x2(MikroC).c,82 :: 		Delay_ms (500);
0x10B2	0x0E0D      	MOVLW       13
0x10B4	0x6E0B      	MOVWF       R11, 0
0x10B6	0x0EAF      	MOVLW       175
0x10B8	0x6E0C      	MOVWF       R12, 0
0x10BA	0x0EB6      	MOVLW       182
0x10BC	0x6E0D      	MOVWF       R13, 0
L_main5:
0x10BE	0x2E0D      	DECFSZ      R13, 1, 0
0x10C0	0xD7FE      	BRA         L_main5
0x10C2	0x2E0C      	DECFSZ      R12, 1, 0
0x10C4	0xD7FC      	BRA         L_main5
0x10C6	0x2E0B      	DECFSZ      R11, 1, 0
0x10C8	0xD7FA      	BRA         L_main5
0x10CA	0x0000      	NOP
;DisplayLCD16x2(MikroC).c,86 :: 		PORTA.RA4 = 1;
0x10CC	0x8880      	BSF         PORTA, 4 
;DisplayLCD16x2(MikroC).c,88 :: 		for (i=0;i<15;i++)
0x10CE	0x6A59      	CLRF        _i 
0x10D0	0x6A5A      	CLRF        _i+1 
L_main6:
0x10D2	0x0E80      	MOVLW       128
0x10D4	0x185A      	XORWF       _i+1, 0 
0x10D6	0x6E00      	MOVWF       R0 
0x10D8	0x0E80      	MOVLW       128
0x10DA	0x5C00      	SUBWF       R0, 0 
0x10DC	0xE102      	BNZ         L__main14
0x10DE	0x0E0F      	MOVLW       15
0x10E0	0x5C59      	SUBWF       _i, 0 
L__main14:
0x10E2	0xE213      	BC          L_main7
;DisplayLCD16x2(MikroC).c,91 :: 		PORTA.RA4 ^= 1;
0x10E4	0x7880      	BTG         PORTA, 4 
;DisplayLCD16x2(MikroC).c,92 :: 		PORTA.RA5 ^= 1;
0x10E6	0x7A80      	BTG         PORTA, 5 
;DisplayLCD16x2(MikroC).c,93 :: 		Delay_ms (120);
0x10E8	0x0E04      	MOVLW       4
0x10EA	0x6E0B      	MOVWF       R11, 0
0x10EC	0x0E0C      	MOVLW       12
0x10EE	0x6E0C      	MOVWF       R12, 0
0x10F0	0x0E33      	MOVLW       51
0x10F2	0x6E0D      	MOVWF       R13, 0
L_main9:
0x10F4	0x2E0D      	DECFSZ      R13, 1, 0
0x10F6	0xD7FE      	BRA         L_main9
0x10F8	0x2E0C      	DECFSZ      R12, 1, 0
0x10FA	0xD7FC      	BRA         L_main9
0x10FC	0x2E0B      	DECFSZ      R11, 1, 0
0x10FE	0xD7FA      	BRA         L_main9
0x1100	0x0000      	NOP
0x1102	0x0000      	NOP
;DisplayLCD16x2(MikroC).c,88 :: 		for (i=0;i<15;i++)
0x1104	0x4A59      	INFSNZ      _i, 1 
0x1106	0x2A5A      	INCF        _i+1, 1 
;DisplayLCD16x2(MikroC).c,94 :: 		}
0x1108	0xD7E4      	BRA         L_main6
L_main7:
;DisplayLCD16x2(MikroC).c,96 :: 		while (1)
L_main10:
;DisplayLCD16x2(MikroC).c,99 :: 		PORTA.RA4 ^= 1;
0x110A	0x7880      	BTG         PORTA, 4 
;DisplayLCD16x2(MikroC).c,100 :: 		PORTA.RA5 ^= 1;
0x110C	0x7A80      	BTG         PORTA, 5 
;DisplayLCD16x2(MikroC).c,101 :: 		Delay_ms (120);
0x110E	0x0E04      	MOVLW       4
0x1110	0x6E0B      	MOVWF       R11, 0
0x1112	0x0E0C      	MOVLW       12
0x1114	0x6E0C      	MOVWF       R12, 0
0x1116	0x0E33      	MOVLW       51
0x1118	0x6E0D      	MOVWF       R13, 0
L_main12:
0x111A	0x2E0D      	DECFSZ      R13, 1, 0
0x111C	0xD7FE      	BRA         L_main12
0x111E	0x2E0C      	DECFSZ      R12, 1, 0
0x1120	0xD7FC      	BRA         L_main12
0x1122	0x2E0B      	DECFSZ      R11, 1, 0
0x1124	0xD7FA      	BRA         L_main12
0x1126	0x0000      	NOP
0x1128	0x0000      	NOP
;DisplayLCD16x2(MikroC).c,103 :: 		}
0x112A	0xD7EF      	BRA         L_main10
;DisplayLCD16x2(MikroC).c,108 :: 		}
L_end_main:
0x112C	0xD7FF      	BRA         $+0
; end of _main
_Delay_1us:
;__Lib_Delays.c,7 :: 		void Delay_1us() {
;__Lib_Delays.c,8 :: 		Delay_us(1);
0x112E	0x0000      	NOP
0x1130	0x0000      	NOP
0x1132	0x0000      	NOP
0x1134	0x0000      	NOP
0x1136	0x0000      	NOP
;__Lib_Delays.c,9 :: 		}
L_end_Delay_1us:
0x1138	0x0012      	RETURN      0
; end of _Delay_1us
_Delay_5500us:
;__Lib_Delays.c,31 :: 		void Delay_5500us() {
;__Lib_Delays.c,32 :: 		Delay_us(5500);
0x113A	0x0E24      	MOVLW       36
0x113C	0x6E0C      	MOVWF       R12, 0
0x113E	0x0EB5      	MOVLW       181
0x1140	0x6E0D      	MOVWF       R13, 0
L_Delay_5500us5:
0x1142	0x2E0D      	DECFSZ      R13, 1, 0
0x1144	0xD7FE      	BRA         L_Delay_5500us5
0x1146	0x2E0C      	DECFSZ      R12, 1, 0
0x1148	0xD7FC      	BRA         L_Delay_5500us5
0x114A	0x0000      	NOP
0x114C	0x0000      	NOP
;__Lib_Delays.c,33 :: 		}
L_end_Delay_5500us:
0x114E	0x0012      	RETURN      0
; end of _Delay_5500us
_Delay_50us:
;__Lib_Delays.c,19 :: 		void Delay_50us() {
;__Lib_Delays.c,20 :: 		Delay_us(50);
0x1150	0x0E53      	MOVLW       83
0x1152	0x6E0D      	MOVWF       R13, 0
L_Delay_50us2:
0x1154	0x2E0D      	DECFSZ      R13, 1, 0
0x1156	0xD7FE      	BRA         L_Delay_50us2
;__Lib_Delays.c,21 :: 		}
L_end_Delay_50us:
0x1158	0x0012      	RETURN      0
; end of _Delay_50us
_Lcd_Cmd:
;__Lib_Lcd.c,18 :: 		
;__Lib_Lcd.c,20 :: 		
0x115A	0x0100      	MOVLB       0
0x115C	0xBF62      	BTFSC       FARG_Lcd_Cmd_out_char, 7, 1
0x115E	0xD002      	BRA         L__Lcd_Cmd21
0x1160	0x9681      	BCF         LCD_D7, BitPos(LCD_D7+0) 
0x1162	0xD001      	BRA         L__Lcd_Cmd22
L__Lcd_Cmd21:
0x1164	0x8681      	BSF         LCD_D7, BitPos(LCD_D7+0) 
L__Lcd_Cmd22:
;__Lib_Lcd.c,21 :: 		
0x1166	0xBD62      	BTFSC       FARG_Lcd_Cmd_out_char, 6, 1
0x1168	0xD002      	BRA         L__Lcd_Cmd23
0x116A	0x9481      	BCF         LCD_D6, BitPos(LCD_D6+0) 
0x116C	0xD001      	BRA         L__Lcd_Cmd24
L__Lcd_Cmd23:
0x116E	0x8481      	BSF         LCD_D6, BitPos(LCD_D6+0) 
L__Lcd_Cmd24:
;__Lib_Lcd.c,22 :: 		
0x1170	0xBB62      	BTFSC       FARG_Lcd_Cmd_out_char, 5, 1
0x1172	0xD002      	BRA         L__Lcd_Cmd25
0x1174	0x9281      	BCF         LCD_D5, BitPos(LCD_D5+0) 
0x1176	0xD001      	BRA         L__Lcd_Cmd26
L__Lcd_Cmd25:
0x1178	0x8281      	BSF         LCD_D5, BitPos(LCD_D5+0) 
L__Lcd_Cmd26:
;__Lib_Lcd.c,23 :: 		
0x117A	0xB962      	BTFSC       FARG_Lcd_Cmd_out_char, 4, 1
0x117C	0xD002      	BRA         L__Lcd_Cmd27
0x117E	0x9081      	BCF         LCD_D4, BitPos(LCD_D4+0) 
0x1180	0xD001      	BRA         L__Lcd_Cmd28
L__Lcd_Cmd27:
0x1182	0x8081      	BSF         LCD_D4, BitPos(LCD_D4+0) 
L__Lcd_Cmd28:
;__Lib_Lcd.c,25 :: 		
0x1184	0xB05B      	BTFSC       __Lib_Lcd_cmd_status, BitPos(__Lib_Lcd_cmd_status+0) 
0x1186	0xD002      	BRA         L__Lcd_Cmd29
0x1188	0x8A81      	BSF         LCD_RS, BitPos(LCD_RS+0) 
0x118A	0xD001      	BRA         L__Lcd_Cmd30
L__Lcd_Cmd29:
0x118C	0x9A81      	BCF         LCD_RS, BitPos(LCD_RS+0) 
L__Lcd_Cmd30:
;__Lib_Lcd.c,28 :: 		
0x118E	0x8881      	BSF         LCD_EN, BitPos(LCD_EN+0) 
;__Lib_Lcd.c,29 :: 		
0x1190	0xDFCE      	RCALL       _Delay_1us
;__Lib_Lcd.c,30 :: 		
0x1192	0x9881      	BCF         LCD_EN, BitPos(LCD_EN+0) 
;__Lib_Lcd.c,33 :: 		
0x1194	0xB762      	BTFSC       FARG_Lcd_Cmd_out_char, 3, 1
0x1196	0xD002      	BRA         L__Lcd_Cmd31
0x1198	0x9681      	BCF         LCD_D7, BitPos(LCD_D7+0) 
0x119A	0xD001      	BRA         L__Lcd_Cmd32
L__Lcd_Cmd31:
0x119C	0x8681      	BSF         LCD_D7, BitPos(LCD_D7+0) 
L__Lcd_Cmd32:
;__Lib_Lcd.c,34 :: 		
0x119E	0xB562      	BTFSC       FARG_Lcd_Cmd_out_char, 2, 1
0x11A0	0xD002      	BRA         L__Lcd_Cmd33
0x11A2	0x9481      	BCF         LCD_D6, BitPos(LCD_D6+0) 
0x11A4	0xD001      	BRA         L__Lcd_Cmd34
L__Lcd_Cmd33:
0x11A6	0x8481      	BSF         LCD_D6, BitPos(LCD_D6+0) 
L__Lcd_Cmd34:
;__Lib_Lcd.c,35 :: 		
0x11A8	0xB362      	BTFSC       FARG_Lcd_Cmd_out_char, 1, 1
0x11AA	0xD002      	BRA         L__Lcd_Cmd35
0x11AC	0x9281      	BCF         LCD_D5, BitPos(LCD_D5+0) 
0x11AE	0xD001      	BRA         L__Lcd_Cmd36
L__Lcd_Cmd35:
0x11B0	0x8281      	BSF         LCD_D5, BitPos(LCD_D5+0) 
L__Lcd_Cmd36:
;__Lib_Lcd.c,36 :: 		
0x11B2	0xB162      	BTFSC       FARG_Lcd_Cmd_out_char, 0, 1
0x11B4	0xD002      	BRA         L__Lcd_Cmd37
0x11B6	0x9081      	BCF         LCD_D4, BitPos(LCD_D4+0) 
0x11B8	0xD001      	BRA         L__Lcd_Cmd38
L__Lcd_Cmd37:
0x11BA	0x8081      	BSF         LCD_D4, BitPos(LCD_D4+0) 
L__Lcd_Cmd38:
;__Lib_Lcd.c,38 :: 		
0x11BC	0xB05B      	BTFSC       __Lib_Lcd_cmd_status, BitPos(__Lib_Lcd_cmd_status+0) 
0x11BE	0xD002      	BRA         L__Lcd_Cmd39
0x11C0	0x8A81      	BSF         LCD_RS, BitPos(LCD_RS+0) 
0x11C2	0xD001      	BRA         L__Lcd_Cmd40
L__Lcd_Cmd39:
0x11C4	0x9A81      	BCF         LCD_RS, BitPos(LCD_RS+0) 
L__Lcd_Cmd40:
;__Lib_Lcd.c,40 :: 		
0x11C6	0x8881      	BSF         LCD_EN, BitPos(LCD_EN+0) 
;__Lib_Lcd.c,41 :: 		
0x11C8	0xDFB2      	RCALL       _Delay_1us
;__Lib_Lcd.c,42 :: 		
0x11CA	0x9881      	BCF         LCD_EN, BitPos(LCD_EN+0) 
;__Lib_Lcd.c,44 :: 		
0x11CC	0xA05B      	BTFSS       __Lib_Lcd_cmd_status, BitPos(__Lib_Lcd_cmd_status+0) 
0x11CE	0xD002      	BRA         L_Lcd_Cmd0
;__Lib_Lcd.c,45 :: 		
0x11D0	0xDFB4      	RCALL       _Delay_5500us
0x11D2	0xD001      	BRA         L_Lcd_Cmd1
L_Lcd_Cmd0:
;__Lib_Lcd.c,47 :: 		
0x11D4	0xDFBD      	RCALL       _Delay_50us
L_Lcd_Cmd1:
;__Lib_Lcd.c,48 :: 		
L_end_Lcd_Cmd:
0x11D6	0x0012      	RETURN      0
; end of _Lcd_Cmd
_Lcd_Chr_CP:
;__Lib_Lcd.c,50 :: 		
;__Lib_Lcd.c,52 :: 		
0x11D8	0x905B      	BCF         __Lib_Lcd_cmd_status, BitPos(__Lib_Lcd_cmd_status+0) 
;__Lib_Lcd.c,53 :: 		
0x11DA	0xF062C061  	MOVFF       FARG_Lcd_Chr_CP_out_char, FARG_Lcd_Cmd_out_char
0x11DE	0xDFBD      	RCALL       _Lcd_Cmd
;__Lib_Lcd.c,54 :: 		
0x11E0	0x805B      	BSF         __Lib_Lcd_cmd_status, BitPos(__Lib_Lcd_cmd_status+0) 
;__Lib_Lcd.c,55 :: 		
L_end_Lcd_Chr_CP:
0x11E2	0x0012      	RETURN      0
; end of _Lcd_Chr_CP
_AFSmartBoard_Init:
;DisplayLCD16x2(MikroC).c,110 :: 		void AFSmartBoard_Init (void)
;DisplayLCD16x2(MikroC).c,112 :: 		RCON = 0X80;                                // LIMPA REGISTRO DE RESET
0x11E4	0x0E80      	MOVLW       128
0x11E6	0x6ED0      	MOVWF       RCON 
;DisplayLCD16x2(MikroC).c,113 :: 		ADCON1 = 0x0F;                                // CONFIGURA TODAS AS PORTAS ANALOGICAS COMO I/O
0x11E8	0x0E0F      	MOVLW       15
0x11EA	0x6EC1      	MOVWF       ADCON1 
;DisplayLCD16x2(MikroC).c,115 :: 		CMCON = 0x0F;                                // DESABILITA COMPARADOR
0x11EC	0x0E0F      	MOVLW       15
0x11EE	0x6EB4      	MOVWF       CMCON 
;DisplayLCD16x2(MikroC).c,117 :: 		T0CON = 0b11000101;                        // timer ativo, 8 bits,clock interno, preescale 1:64
0x11F0	0x0EC5      	MOVLW       197
0x11F2	0x6ED5      	MOVWF       T0CON 
;DisplayLCD16x2(MikroC).c,119 :: 		TRISA = 0;
0x11F4	0x6A92      	CLRF        TRISA 
;DisplayLCD16x2(MikroC).c,120 :: 		TRISB = 0;                        // todos Saida
0x11F6	0x6A93      	CLRF        TRISB 
;DisplayLCD16x2(MikroC).c,121 :: 		TRISC = 0;
0x11F8	0x6A94      	CLRF        TRISC 
;DisplayLCD16x2(MikroC).c,122 :: 		TRISD = 0;
0x11FA	0x6A95      	CLRF        TRISD 
;DisplayLCD16x2(MikroC).c,123 :: 		TRISE = 0;
0x11FC	0x6A96      	CLRF        TRISE 
;DisplayLCD16x2(MikroC).c,125 :: 		PORTA = 0;                                // nível 0 saída
0x11FE	0x6A80      	CLRF        PORTA 
;DisplayLCD16x2(MikroC).c,126 :: 		PORTB = 0;
0x1200	0x6A81      	CLRF        PORTB 
;DisplayLCD16x2(MikroC).c,127 :: 		PORTC = 0;
0x1202	0x6A82      	CLRF        PORTC 
;DisplayLCD16x2(MikroC).c,128 :: 		PORTD = 0;
0x1204	0x6A83      	CLRF        PORTD 
;DisplayLCD16x2(MikroC).c,129 :: 		PORTE = 0;
0x1206	0x6A84      	CLRF        PORTE 
;DisplayLCD16x2(MikroC).c,132 :: 		}
L_end_AFSmartBoard_Init:
0x1208	0x0012      	RETURN      0
; end of _AFSmartBoard_Init
___CC2DW:
;__Lib_System.c,21 :: 		
;__Lib_System.c,23 :: 		
_CC2DL_Loop1:
;__Lib_System.c,24 :: 		
0x120A	0x0009      	TBLRD*+
;__Lib_System.c,25 :: 		
0x120C	0xFFE6CFF5  	MOVFF       TABLAT, POSTINC1
;__Lib_System.c,26 :: 		
0x1210	0x0600      	DECF        R0, 1, 0
;__Lib_System.c,27 :: 		
0x1212	0xE1FB      	BNZ         _CC2DL_Loop1
;__Lib_System.c,28 :: 		
0x1214	0x0601      	DECF        R1, 1, 0
;__Lib_System.c,29 :: 		
0x1216	0xE1F9      	BNZ         _CC2DL_Loop1
;__Lib_System.c,31 :: 		
L_end___CC2DW:
0x1218	0x0012      	RETURN      0
; end of ___CC2DW
_Lcd_Out:
;__Lib_Lcd.c,184 :: 		
;__Lib_Lcd.c,187 :: 		
0x121A	0xD00F      	BRA         L_Lcd_Out11
;__Lib_Lcd.c,188 :: 		
L_Lcd_Out13:
0x121C	0x0E80      	MOVLW       128
0x121E	0x6E5C      	MOVWF       FARG_Lcd_Out_row 
0x1220	0xD019      	BRA         L_Lcd_Out12
;__Lib_Lcd.c,189 :: 		
L_Lcd_Out14:
0x1222	0x0EC0      	MOVLW       192
0x1224	0x6E5C      	MOVWF       FARG_Lcd_Out_row 
0x1226	0xD016      	BRA         L_Lcd_Out12
;__Lib_Lcd.c,190 :: 		
L_Lcd_Out15:
0x1228	0x0E94      	MOVLW       148
0x122A	0x6E5C      	MOVWF       FARG_Lcd_Out_row 
0x122C	0xD013      	BRA         L_Lcd_Out12
;__Lib_Lcd.c,191 :: 		
L_Lcd_Out16:
0x122E	0x0ED4      	MOVLW       212
0x1230	0x6E5C      	MOVWF       FARG_Lcd_Out_row 
0x1232	0xD010      	BRA         L_Lcd_Out12
;__Lib_Lcd.c,192 :: 		
L_Lcd_Out17:
0x1234	0x0E80      	MOVLW       128
0x1236	0x6E5C      	MOVWF       FARG_Lcd_Out_row 
;__Lib_Lcd.c,193 :: 		
0x1238	0xD00D      	BRA         L_Lcd_Out12
L_Lcd_Out11:
0x123A	0x505C      	MOVF        FARG_Lcd_Out_row, 0 
0x123C	0x0A01      	XORLW       1
0x123E	0xE0EE      	BZ          L_Lcd_Out13
0x1240	0x505C      	MOVF        FARG_Lcd_Out_row, 0 
0x1242	0x0A02      	XORLW       2
0x1244	0xE0EE      	BZ          L_Lcd_Out14
0x1246	0x505C      	MOVF        FARG_Lcd_Out_row, 0 
0x1248	0x0A03      	XORLW       3
0x124A	0xE0EE      	BZ          L_Lcd_Out15
0x124C	0x505C      	MOVF        FARG_Lcd_Out_row, 0 
0x124E	0x0A04      	XORLW       4
0x1250	0xE0EE      	BZ          L_Lcd_Out16
0x1252	0xD7F0      	BRA         L_Lcd_Out17
L_Lcd_Out12:
;__Lib_Lcd.c,194 :: 		
0x1254	0x045D      	DECF        FARG_Lcd_Out_column, 0 
0x1256	0x6E00      	MOVWF       R0 
0x1258	0x505C      	MOVF        FARG_Lcd_Out_row, 0 
0x125A	0x2600      	ADDWF       R0, 1 
0x125C	0xF05CC000  	MOVFF       R0, FARG_Lcd_Out_row
;__Lib_Lcd.c,196 :: 		
0x1260	0xF062C000  	MOVFF       R0, FARG_Lcd_Cmd_out_char
0x1264	0xDF7A      	RCALL       _Lcd_Cmd
;__Lib_Lcd.c,197 :: 		
0x1266	0x905B      	BCF         __Lib_Lcd_cmd_status, BitPos(__Lib_Lcd_cmd_status+0) 
;__Lib_Lcd.c,198 :: 		
0x1268	0x6B60      	CLRF        Lcd_Out_i_L0, 1
;__Lib_Lcd.c,199 :: 		
L_Lcd_Out18:
0x126A	0x5160      	MOVF        Lcd_Out_i_L0, 0, 1
0x126C	0x245E      	ADDWF       FARG_Lcd_Out_text, 0 
0x126E	0x6EE9      	MOVWF       FSR0L 
0x1270	0x0E00      	MOVLW       0
0x1272	0x205F      	ADDWFC      FARG_Lcd_Out_text+1, 0 
0x1274	0x6EEA      	MOVWF       FSR0H 
0x1276	0x52EE      	MOVF        POSTINC0, 1 
0x1278	0xE00B      	BZ          L_Lcd_Out19
;__Lib_Lcd.c,200 :: 		
0x127A	0x5160      	MOVF        Lcd_Out_i_L0, 0, 1
0x127C	0x245E      	ADDWF       FARG_Lcd_Out_text, 0 
0x127E	0x6EE9      	MOVWF       FSR0L 
0x1280	0x0E00      	MOVLW       0
0x1282	0x205F      	ADDWFC      FARG_Lcd_Out_text+1, 0 
0x1284	0x6EEA      	MOVWF       FSR0H 
0x1286	0xF061CFEE  	MOVFF       POSTINC0, FARG_Lcd_Chr_CP_out_char
0x128A	0xDFA6      	RCALL       _Lcd_Chr_CP
0x128C	0x2B60      	INCF        Lcd_Out_i_L0, 1, 1
0x128E	0xD7ED      	BRA         L_Lcd_Out18
L_Lcd_Out19:
;__Lib_Lcd.c,201 :: 		
0x1290	0x805B      	BSF         __Lib_Lcd_cmd_status, BitPos(__Lib_Lcd_cmd_status+0) 
;__Lib_Lcd.c,202 :: 		
L_end_Lcd_Out:
0x1292	0x0012      	RETURN      0
; end of _Lcd_Out
_Lcd_Init:
;__Lib_Lcd.c,84 :: 		
;__Lib_Lcd.c,86 :: 		
0x1294	0x9893      	BCF         LCD_EN_Direction, BitPos(LCD_EN_Direction+0) 
;__Lib_Lcd.c,87 :: 		
0x1296	0x9A93      	BCF         LCD_RS_Direction, BitPos(LCD_RS_Direction+0) 
;__Lib_Lcd.c,88 :: 		
0x1298	0x9093      	BCF         LCD_D4_Direction, BitPos(LCD_D4_Direction+0) 
;__Lib_Lcd.c,89 :: 		
0x129A	0x9293      	BCF         LCD_D5_Direction, BitPos(LCD_D5_Direction+0) 
;__Lib_Lcd.c,90 :: 		
0x129C	0x9493      	BCF         LCD_D6_Direction, BitPos(LCD_D6_Direction+0) 
;__Lib_Lcd.c,91 :: 		
0x129E	0x9693      	BCF         LCD_D7_Direction, BitPos(LCD_D7_Direction+0) 
;__Lib_Lcd.c,93 :: 		
0x12A0	0x9881      	BCF         LCD_EN, BitPos(LCD_EN+0) 
;__Lib_Lcd.c,94 :: 		
0x12A2	0x9A81      	BCF         LCD_RS, BitPos(LCD_RS+0) 
;__Lib_Lcd.c,95 :: 		
0x12A4	0x9681      	BCF         LCD_D7, BitPos(LCD_D7+0) 
;__Lib_Lcd.c,96 :: 		
0x12A6	0x9481      	BCF         LCD_D6, BitPos(LCD_D6+0) 
;__Lib_Lcd.c,97 :: 		
0x12A8	0x9281      	BCF         LCD_D5, BitPos(LCD_D5+0) 
;__Lib_Lcd.c,98 :: 		
0x12AA	0x9081      	BCF         LCD_D4, BitPos(LCD_D4+0) 
;__Lib_Lcd.c,100 :: 		
0x12AC	0xDF46      	RCALL       _Delay_5500us
;__Lib_Lcd.c,101 :: 		
0x12AE	0xDF45      	RCALL       _Delay_5500us
;__Lib_Lcd.c,102 :: 		
0x12B0	0xDF44      	RCALL       _Delay_5500us
;__Lib_Lcd.c,105 :: 		
0x12B2	0x8281      	BSF         LCD_D5, BitPos(LCD_D5+0) 
;__Lib_Lcd.c,106 :: 		
0x12B4	0x8081      	BSF         LCD_D4, BitPos(LCD_D4+0) 
;__Lib_Lcd.c,107 :: 		
0x12B6	0x8881      	BSF         LCD_EN, BitPos(LCD_EN+0) 
;__Lib_Lcd.c,108 :: 		
0x12B8	0xDF3A      	RCALL       _Delay_1us
;__Lib_Lcd.c,109 :: 		
0x12BA	0x9881      	BCF         LCD_EN, BitPos(LCD_EN+0) 
;__Lib_Lcd.c,110 :: 		
0x12BC	0xDF3E      	RCALL       _Delay_5500us
;__Lib_Lcd.c,112 :: 		
0x12BE	0x8881      	BSF         LCD_EN, BitPos(LCD_EN+0) 
;__Lib_Lcd.c,113 :: 		
0x12C0	0xDF36      	RCALL       _Delay_1us
;__Lib_Lcd.c,114 :: 		
0x12C2	0x9881      	BCF         LCD_EN, BitPos(LCD_EN+0) 
;__Lib_Lcd.c,115 :: 		
0x12C4	0xDF3A      	RCALL       _Delay_5500us
;__Lib_Lcd.c,117 :: 		
0x12C6	0x8881      	BSF         LCD_EN, BitPos(LCD_EN+0) 
;__Lib_Lcd.c,118 :: 		
0x12C8	0xDF32      	RCALL       _Delay_1us
;__Lib_Lcd.c,119 :: 		
0x12CA	0x9881      	BCF         LCD_EN, BitPos(LCD_EN+0) 
;__Lib_Lcd.c,120 :: 		
0x12CC	0xDF36      	RCALL       _Delay_5500us
;__Lib_Lcd.c,123 :: 		
0x12CE	0x9081      	BCF         LCD_D4, BitPos(LCD_D4+0) 
;__Lib_Lcd.c,124 :: 		
0x12D0	0x8881      	BSF         LCD_EN, BitPos(LCD_EN+0) 
;__Lib_Lcd.c,125 :: 		
0x12D2	0xDF2D      	RCALL       _Delay_1us
;__Lib_Lcd.c,126 :: 		
0x12D4	0x9881      	BCF         LCD_EN, BitPos(LCD_EN+0) 
;__Lib_Lcd.c,127 :: 		
0x12D6	0xDF31      	RCALL       _Delay_5500us
;__Lib_Lcd.c,130 :: 		
0x12D8	0x8881      	BSF         LCD_EN, BitPos(LCD_EN+0) 
;__Lib_Lcd.c,131 :: 		
0x12DA	0xDF29      	RCALL       _Delay_1us
;__Lib_Lcd.c,132 :: 		
0x12DC	0x9881      	BCF         LCD_EN, BitPos(LCD_EN+0) 
;__Lib_Lcd.c,134 :: 		
0x12DE	0x9281      	BCF         LCD_D5, BitPos(LCD_D5+0) 
;__Lib_Lcd.c,135 :: 		
0x12E0	0x8681      	BSF         LCD_D7, BitPos(LCD_D7+0) 
;__Lib_Lcd.c,136 :: 		
0x12E2	0x8881      	BSF         LCD_EN, BitPos(LCD_EN+0) 
;__Lib_Lcd.c,137 :: 		
0x12E4	0xDF24      	RCALL       _Delay_1us
;__Lib_Lcd.c,138 :: 		
0x12E6	0x9881      	BCF         LCD_EN, BitPos(LCD_EN+0) 
;__Lib_Lcd.c,139 :: 		
0x12E8	0xDF28      	RCALL       _Delay_5500us
;__Lib_Lcd.c,142 :: 		
0x12EA	0x9681      	BCF         LCD_D7, BitPos(LCD_D7+0) 
;__Lib_Lcd.c,143 :: 		
0x12EC	0x8081      	BSF         LCD_D4, BitPos(LCD_D4+0) 
;__Lib_Lcd.c,144 :: 		
0x12EE	0x8881      	BSF         LCD_EN, BitPos(LCD_EN+0) 
;__Lib_Lcd.c,145 :: 		
0x12F0	0xDF1E      	RCALL       _Delay_1us
;__Lib_Lcd.c,146 :: 		
0x12F2	0x9881      	BCF         LCD_EN, BitPos(LCD_EN+0) 
;__Lib_Lcd.c,148 :: 		
0x12F4	0x9081      	BCF         LCD_D4, BitPos(LCD_D4+0) 
;__Lib_Lcd.c,149 :: 		
0x12F6	0x8881      	BSF         LCD_EN, BitPos(LCD_EN+0) 
;__Lib_Lcd.c,150 :: 		
0x12F8	0xDF1A      	RCALL       _Delay_1us
;__Lib_Lcd.c,151 :: 		
0x12FA	0x9881      	BCF         LCD_EN, BitPos(LCD_EN+0) 
;__Lib_Lcd.c,152 :: 		
0x12FC	0xDF1E      	RCALL       _Delay_5500us
;__Lib_Lcd.c,155 :: 		
0x12FE	0x8881      	BSF         LCD_EN, BitPos(LCD_EN+0) 
;__Lib_Lcd.c,156 :: 		
0x1300	0xDF16      	RCALL       _Delay_1us
;__Lib_Lcd.c,157 :: 		
0x1302	0x9881      	BCF         LCD_EN, BitPos(LCD_EN+0) 
;__Lib_Lcd.c,159 :: 		
0x1304	0x8081      	BSF         LCD_D4, BitPos(LCD_D4+0) 
;__Lib_Lcd.c,160 :: 		
0x1306	0x8881      	BSF         LCD_EN, BitPos(LCD_EN+0) 
;__Lib_Lcd.c,161 :: 		
0x1308	0xDF12      	RCALL       _Delay_1us
;__Lib_Lcd.c,162 :: 		
0x130A	0x9881      	BCF         LCD_EN, BitPos(LCD_EN+0) 
;__Lib_Lcd.c,163 :: 		
0x130C	0xDF16      	RCALL       _Delay_5500us
;__Lib_Lcd.c,166 :: 		
0x130E	0x9081      	BCF         LCD_D4, BitPos(LCD_D4+0) 
;__Lib_Lcd.c,167 :: 		
0x1310	0x8881      	BSF         LCD_EN, BitPos(LCD_EN+0) 
;__Lib_Lcd.c,168 :: 		
0x1312	0xDF0D      	RCALL       _Delay_1us
;__Lib_Lcd.c,169 :: 		
0x1314	0x9881      	BCF         LCD_EN, BitPos(LCD_EN+0) 
;__Lib_Lcd.c,171 :: 		
0x1316	0x8681      	BSF         LCD_D7, BitPos(LCD_D7+0) 
;__Lib_Lcd.c,172 :: 		
0x1318	0x8481      	BSF         LCD_D6, BitPos(LCD_D6+0) 
;__Lib_Lcd.c,173 :: 		
0x131A	0x8281      	BSF         LCD_D5, BitPos(LCD_D5+0) 
;__Lib_Lcd.c,174 :: 		
0x131C	0x8081      	BSF         LCD_D4, BitPos(LCD_D4+0) 
;__Lib_Lcd.c,175 :: 		
0x131E	0x8881      	BSF         LCD_EN, BitPos(LCD_EN+0) 
;__Lib_Lcd.c,176 :: 		
0x1320	0xDF06      	RCALL       _Delay_1us
;__Lib_Lcd.c,177 :: 		
0x1322	0x9881      	BCF         LCD_EN, BitPos(LCD_EN+0) 
;__Lib_Lcd.c,179 :: 		
0x1324	0xDF0A      	RCALL       _Delay_5500us
;__Lib_Lcd.c,181 :: 		
0x1326	0x805B      	BSF         __Lib_Lcd_cmd_status, BitPos(__Lib_Lcd_cmd_status+0) 
;__Lib_Lcd.c,182 :: 		
L_end_Lcd_Init:
0x1328	0x0012      	RETURN      0
; end of _Lcd_Init
0x136E	0xF015EE10  	LFSR        1, 21
0x1372	0x0E44      	MOVLW       68
0x1374	0x6E00      	MOVWF       R0 
0x1376	0x0E01      	MOVLW       1
0x1378	0x6E01      	MOVWF       R1 
0x137A	0x0E2A      	MOVLW       42
0x137C	0x6EF6      	MOVWF       4086 
0x137E	0x0E13      	MOVLW       19
0x1380	0x6EF7      	MOVWF       TBLPTRH 
0x1382	0x0E00      	MOVLW       0
0x1384	0x6EF8      	MOVWF       TBLPTRU 
0x1386	0xF009EC05  	CALL        4618, 0
0x138A	0x0012      	RETURN      0
;DisplayLCD16x2(MikroC).c,0 :: ?ICS_MsgWelcome2
0x132A	0x5020 ;?ICS_MsgWelcome2+0
0x132C	0x4349 ;?ICS_MsgWelcome2+2
0x132E	0x3120 ;?ICS_MsgWelcome2+4
0x1330	0x4638 ;?ICS_MsgWelcome2+6
0x1332	0x3534 ;?ICS_MsgWelcome2+8
0x1334	0x3035 ;?ICS_MsgWelcome2+10
0x1336	0x2020 ;?ICS_MsgWelcome2+12
0x1338	0x2020 ;?ICS_MsgWelcome2+14
0x133A	0x00 ;?ICS_MsgWelcome2+16
; end of ?ICS_MsgWelcome2
;DisplayLCD16x2(MikroC).c,0 :: ?ICS_MsgWelcome4
0x133B	0x2020 ;?ICS_MsgWelcome4+0
0x133D	0x2020 ;?ICS_MsgWelcome4+2
0x133F	0x3220 ;?ICS_MsgWelcome4+4
0x1341	0x3130 ;?ICS_MsgWelcome4+6
0x1343	0x2036 ;?ICS_MsgWelcome4+8
0x1345	0x2020 ;?ICS_MsgWelcome4+10
0x1347	0x2020 ;?ICS_MsgWelcome4+12
0x1349	0x2020 ;?ICS_MsgWelcome4+14
0x134B	0x00 ;?ICS_MsgWelcome4+16
; end of ?ICS_MsgWelcome4
;DisplayLCD16x2(MikroC).c,0 :: ?ICS_MsgWelcome3
0x134C	0x2020 ;?ICS_MsgWelcome3+0
0x134E	0x6E49 ;?ICS_MsgWelcome3+2
0x1350	0x6369 ;?ICS_MsgWelcome3+4
0x1352	0x6169 ;?ICS_MsgWelcome3+6
0x1354	0x646E ;?ICS_MsgWelcome3+8
0x1356	0x2E6F ;?ICS_MsgWelcome3+10
0x1358	0x2E2E ;?ICS_MsgWelcome3+12
0x135A	0x2020 ;?ICS_MsgWelcome3+14
0x135C	0x00 ;?ICS_MsgWelcome3+16
; end of ?ICS_MsgWelcome3
;DisplayLCD16x2(MikroC).c,0 :: ?ICS_MsgWelcome1
0x135D	0x4120 ;?ICS_MsgWelcome1+0
0x135F	0x5346 ;?ICS_MsgWelcome1+2
0x1361	0x414D ;?ICS_MsgWelcome1+4
0x1363	0x5452 ;?ICS_MsgWelcome1+6
0x1365	0x4F42 ;?ICS_MsgWelcome1+8
0x1367	0x5241 ;?ICS_MsgWelcome1+10
0x1369	0x2044 ;?ICS_MsgWelcome1+12
0x136B	0x2020 ;?ICS_MsgWelcome1+14
0x136D	0x00 ;?ICS_MsgWelcome1+16
; end of ?ICS_MsgWelcome1
Symbol List:
//** Routines locations **
//ADDRESS    SIZE    PROCEDURE
//----------------------------------------------
0x1000     [302]    _main
0x112E      [12]    _Delay_1us
0x113A      [22]    _Delay_5500us
0x1150      [10]    _Delay_50us
0x115A     [126]    _Lcd_Cmd
0x11D8      [12]    _Lcd_Chr_CP
0x11E4      [38]    _AFSmartBoard_Init
0x120A      [16]    ___CC2DW
0x121A     [122]    _Lcd_Out
0x1294     [150]    _Lcd_Init
//** Variables locations ** 
//ADDRESS    SIZE    VARIABLE
//----------------------------------------------
0x0000       [1]    SPI1_Write_tmp_L0
0x0000       [1]    R0
0x0000       [1]    __Lib_SoftI2C_PutZerosToLATSda_temp_sda_L0
0x0000       [1]    __Lib_SoftI2C_PutZerosToLATScl_temp_scl_L0
0x0000       [1]    EEPROM_Write_SaveINTCON_L0
0x0000       [1]    FLASH_Erase_64_SaveINTCON_L0
0x0000       [1]    UART1_Init_tmp_L0
0x0001       [2]    FLASH_Read_N_Bytes_i_L0
0x0001       [1]    ispunct_rslt_L0
0x0001       [1]    __Lib_TFT_16bit_JPEG_FileRead_i_L0
0x0001       [1]    FLASH_Write_32_i_L0
0x0001       [1]    __Lib_TFT_JPEG_FileRead_i_L0
0x0001       [1]    __Lib_TFT_16bit_JPEG_FileReadBytes_Result_L0
0x0001       [1]    I2C1_Rd_tmp_L0
0x0001       [1]    UART1_Read___tmp_UART1_Read_L0
0x0001       [1]    __Lib_TFT_JPEG_FileReadBytes_Result_L0
0x0001       [1]    FLASH_Erase_Write_64_i_L0
0x0001       [1]    __Lib_PS2_Wait_Falling_nsample_L0
0x0001       [1]    R1
0x0002       [2]    strlen_cp_L0
0x0002       [1]    FLASH_Erase_Write_64_j_L0
0x0002       [2]    memchr_s_L0
0x0002       [1]    __Lib_USB_genHID_USB_CtrlTrf_Rx_Service_byteToRead_L0
0x0002       [2]    memset_pp_L0
0x0002       [2]    memcpy_dd_L0
0x0002       [1]    R2
0x0002       [2]    __Lib_USB_genHID_memset_usb_pp_L0
0x0002       [2]    __Lib_USB_genHID_memset_usb_int_pp_L0
0x0002       [1]    FLASH_Write_32_SaveINTCON_L0
0x0003       [2]    Ltrim_original_L0
0x0003       [2]    __Lib_USB_genHID_USB_CtrlTrf_Tx_Service_byteToSend_L0
0x0003       [1]    FLASH_Erase_Write_64_SaveINTCON_L0
0x0003       [1]    __Lib_USB_genHID_USB_CtrlTrf_Rx_Service_i_L0
0x0003       [2]    __Lib_MmcFat16_f16_toInt_l_L0
0x0003       [1]    MM_Init_i_L0
0x0003       [2]    memmove_tt_L0
0x0003       [1]    R3
0x0003       [2]    MM_TotalFreeMemSize_Tot_L0
0x0004       [2]    __Lib_USB_genHID_USB_Get_Status_Handler_p_L2
0x0004       [2]    strcat_cp_L0
0x0004       [2]    __Lib_USB_genHID_USB_Transfer_Packet_Int_handle_L0
0x0004       [1]    __Lib_USB_genHID_GetMaxIndexInDevDsc_index_L0
0x0004       [2]    frexp_pom_L0
0x0004       [2]    strcpy_cp_L0
0x0004       [1]    R4
0x0004       [2]    __Lib_USB_genHID_USB_Std_Feature_Req_Handler_p_L0
0x0004       [2]    __Lib_MemManager_MM_GetMemAlign_P_L0
0x0004       [2]    strncat_cp_L0
0x0004       [2]    memcpy_ss_L0
0x0004       [2]    __Lib_USB_genHID_USB_Transfer_Packet_handle_L0
0x0004       [2]    strncpy_cp_L0
0x0005       [2]    LongWordToHex_input_half_L0
0x0005       [2]    LongIntToHex_input_half_L0
0x0005       [2]    Ltrim_p_L0
0x0005       [1]    R5
0x0005       [2]    __Lib_USB_genHID_USB_Configure_Endpoint_handle_L0
0x0005       [2]    memmove_ff_L0
0x0005       [1]    MM_TotalFreeMemSize_i_L0
0x0006       [2]    __Lib_USB_genHID_GetMaxIndexInConfigDsc_totalLen_L0
0x0006       [1]    R6
0x0006       [1]    __Lib_MemManager_MM_GetMemAlign_i_L0
0x0007       [1]    __Lib_TFT_JPEG_GenerateHuffmanTables_bLength_L0
0x0007       [1]    __Lib_TFT_16bit_JPEG_GenerateHuffmanTables_bLength_L0
0x0007       [1]    R7
0x0008       [1]    __Lib_TFT_JPEG_GenerateHuffmanTables_bTable_L0
0x0008       [1]    __Lib_TFT_16bit_JPEG_GenerateHuffmanTables_bTable_L0
0x0008       [3]    __Lib_USB_genHID_GetMaxIndexInConfigDsc_ptr_L0
0x0008       [1]    R8
0x0009       [1]    R9
0x0009       [4]    __Lib_MmcFat16_f16_toLong_l_L0
0x000A       [1]    R10
0x000B       [1]    R11
0x000C       [1]    R12
0x000D       [1]    R13
0x000E       [1]    R14
0x000F       [1]    R15
0x0010       [1]    R16
0x0011       [1]    R17
0x0012       [1]    R18
0x0013       [1]    R19
0x0014       [1]    R20
0x0015      [17]    _MsgWelcome2
0x0026      [17]    _MsgWelcome4
0x0037      [17]    _MsgWelcome3
0x0048      [17]    _MsgWelcome1
0x0059       [2]    _i
0x005B       [0]    __Lib_Lcd_cmd_status
0x005C       [1]    FARG_Lcd_Out_row
0x005D       [1]    FARG_Lcd_Out_column
0x005E       [2]    FARG_Lcd_Out_text
0x0060       [1]    Lcd_Out_i_L0
0x0061       [1]    FARG_Lcd_Chr_CP_out_char
0x0062       [1]    FARG_Lcd_Cmd_out_char
0x0F80       [1]    PORTA
0x0F81       [0]    RB5_bit
0x0F81       [0]    RB1_bit
0x0F81       [0]    RB0_bit
0x0F81       [0]    RB2_bit
0x0F81       [0]    RB4_bit
0x0F81       [0]    RB3_bit
0x0F81       [0]    LCD_D7
0x0F81       [0]    LCD_EN
0x0F81       [0]    LCD_D6
0x0F81       [0]    LCD_D4
0x0F81       [0]    LCD_D5
0x0F81       [1]    PORTB
0x0F81       [0]    LCD_RS
0x0F82       [1]    PORTC
0x0F83       [1]    PORTD
0x0F84       [1]    PORTE
0x0F92       [1]    TRISA
0x0F93       [0]    LCD_RS_Direction
0x0F93       [0]    LCD_D4_Direction
0x0F93       [0]    LCD_D5_Direction
0x0F93       [0]    LCD_D6_Direction
0x0F93       [0]    TRISB4_bit
0x0F93       [0]    TRISB0_bit
0x0F93       [0]    TRISB3_bit
0x0F93       [0]    TRISB1_bit
0x0F93       [0]    LCD_EN_Direction
0x0F93       [0]    TRISB5_bit
0x0F93       [0]    TRISB2_bit
0x0F93       [1]    TRISB
0x0F93       [0]    LCD_D7_Direction
0x0F94       [1]    TRISC
0x0F95       [1]    TRISD
0x0F96       [1]    TRISE
0x0FB4       [1]    CMCON
0x0FC1       [1]    ADCON1
0x0FD0       [1]    RCON
0x0FD5       [1]    T0CON
0x0FD8       [1]    STATUS
0x0FD9       [1]    FSR2L
0x0FDA       [1]    FSR2H
0x0FDE       [1]    POSTINC2
0x0FE0       [1]    BSR
0x0FE1       [1]    FSR1L
0x0FE2       [1]    FSR1H
0x0FE4       [1]    PREINC1
0x0FE6       [1]    POSTINC1
0x0FE7       [1]    INDF1
0x0FE8       [1]    WREG
0x0FE9       [1]    FSR0L
0x0FEA       [1]    FSR0H
0x0FEE       [1]    POSTINC0
0x0FF3       [1]    PRODL
0x0FF4       [1]    PRODH
0x0FF5       [1]    TABLAT
0x0FF6       [1]    TBLPTRL
0x0FF7       [1]    TBLPTRH
0x0FF8       [1]    TBLPTRU
//** Constants locations ** 
//ADDRESS    SIZE    CONSTANT
//----------------------------------------------
0x132A      [17]    ?ICS_MsgWelcome2
0x133B      [17]    ?ICS_MsgWelcome4
0x134C      [17]    ?ICS_MsgWelcome3
0x135D      [17]    ?ICS_MsgWelcome1
//** Label List: ** 
//----------------------------------------------
  L_main0
  L_main1
  L_main2
  L_main3
  L_main4
  L_main5
  L_main6
  L_main7
  L_main8
  L_main9
  L_main10
  L_main11
  L_main12
  L_end_main
  _main
  L__main14
  L_end_AFSmartBoard_Init
  _AFSmartBoard_Init
  L_Delay_10us0
  L_Delay_22us1
  L_Delay_50us2
  L_Delay_80us3
  L_Delay_500us4
  L_Delay_5500us5
  L_Delay_1ms6
  L_Delay_5ms7
  L_Delay_8ms8
  L_Delay_100ms9
  L_Delay_10ms10
  L_Delay_1sec11
  L____Boot_Delay4k12
  L____Boot_Delay8k13
  L____Boot_Delay12k14
  L____Boot_Delay16k15
  L____Boot_Delay24k16
  L____Boot_Delay32k17
  L____Boot_Delay48k18
  L____Boot_Delay64k19
  L____Boot_Delay128k20
  L_Delay_Cyc21
  L_Delay_Cyc22
  L_VDelay_ms23
  L_VDelay_ms24
  L_VDelay_ms25
  L_VDelay_Advanced_ms26
  L_VDelay_Advanced_ms27
  L_VDelay_Advanced_ms28
  L_end_Get_Fosc_kHz
  _Get_Fosc_kHz
  L_end_Delay_1us
  _Delay_1us
  L_end_Delay_10us
  _Delay_10us
  L_end_Delay_22us
  _Delay_22us
  L_end_Delay_50us
  _Delay_50us
  L_end_Delay_80us
  _Delay_80us
  L_end_Delay_500us
  _Delay_500us
  L_end_Delay_5500us
  _Delay_5500us
  L_end_Delay_1ms
  _Delay_1ms
  L_end_Delay_5ms
  _Delay_5ms
  L_end_Delay_8ms
  _Delay_8ms
  L_end_Delay_100ms
  _Delay_100ms
  L_end_Delay_10ms
  _Delay_10ms
  L_end_Delay_1sec
  _Delay_1sec
  L_end____Boot_Delay4k
  ____Boot_Delay4k
  L_end____Boot_Delay8k
  ____Boot_Delay8k
  L_end____Boot_Delay12k
  ____Boot_Delay12k
  L_end____Boot_Delay16k
  ____Boot_Delay16k
  L_end____Boot_Delay24k
  ____Boot_Delay24k
  L_end____Boot_Delay32k
  ____Boot_Delay32k
  L_end____Boot_Delay48k
  ____Boot_Delay48k
  L_end____Boot_Delay64k
  ____Boot_Delay64k
  L_end____Boot_Delay128k
  ____Boot_Delay128k
  L_end_Delay_Cyc
  _Delay_Cyc
  L_end_VDelay_ms
  _VDelay_ms
  L__VDelay_ms54
  L__VDelay_ms55
  L__VDelay_ms56
  L_end_VDelay_Advanced_ms
  _VDelay_Advanced_ms
  L__VDelay_Advanced_ms58
  L__VDelay_Advanced_ms59
  L__VDelay_Advanced_ms60
  L_Lcd_Cmd0
  L_Lcd_Cmd1
  L_Lcd_Out_CP2
  L_Lcd_Out_CP3
  L_Lcd_Chr4
  L_Lcd_Chr5
  L_Lcd_Chr6
  L_Lcd_Chr7
  L_Lcd_Chr8
  L_Lcd_Chr9
  L_Lcd_Chr10
  L_Lcd_Out11
  L_Lcd_Out12
  L_Lcd_Out13
  L_Lcd_Out14
  L_Lcd_Out15
  L_Lcd_Out16
  L_Lcd_Out17
  L_Lcd_Out18
  L_Lcd_Out19
  L_end_Lcd_Cmd
  _Lcd_Cmd
  L__Lcd_Cmd21
  L__Lcd_Cmd22
  L__Lcd_Cmd23
  L__Lcd_Cmd24
  L__Lcd_Cmd25
  L__Lcd_Cmd26
  L__Lcd_Cmd27
  L__Lcd_Cmd28
  L__Lcd_Cmd29
  L__Lcd_Cmd30
  L__Lcd_Cmd31
  L__Lcd_Cmd32
  L__Lcd_Cmd33
  L__Lcd_Cmd34
  L__Lcd_Cmd35
  L__Lcd_Cmd36
  L__Lcd_Cmd37
  L__Lcd_Cmd38
  L__Lcd_Cmd39
  L__Lcd_Cmd40
  L_end_Lcd_Chr_CP
  _Lcd_Chr_CP
  L_end_Lcd_Out_CP
  _Lcd_Out_CP
  L_end_Lcd_Chr
  _Lcd_Chr
  L_end_Lcd_Init
  _Lcd_Init
  L_end_Lcd_Out
  _Lcd_Out
  _CC2D_Loop1
  _CC2DL_Loop1
  L_loopCA2AWs
  L_loopCCA2AWs
  L_loopCS2Ss
  L_CS2Send
  L_loopCCS2Ss
  L_CCS2Send
  L_loopFZinSWs
  L_longjmp7
  L_end___CC2D
  ___CC2D
  L_end___CC2DW
  ___CC2DW
  L_end___CA2AW
  ___CA2AW
  L_end___CCA2AW
  ___CCA2AW
  L_end___CS2S
  ___CS2S
  L_end___CCS2S
  ___CCS2S
  L_end___FZinS
  ___FZinS
  L_end_____DoIFC
  _____DoIFC
  L_end_Swap
  _Swap
  L_end_setjmp
  _setjmp
  L_end_longjmp
  _longjmp
