

Microchip MPLAB XC8 Assembler V2.05 build -831301201 
                                                                                               Mon Jul 15 21:40:26 2019

Microchip MPLAB XC8 C Compiler v2.05 (Free license) build 20181220022703 Og1 
     1                           	processor	18F4550
     2                           	fnconf	rparam,??,?,0
     3                           	opt	pw 120
     4                           	opt	flic
     5                           	psect	cinit,global,reloc=2,class=CODE,delta=1
     6                           	psect	cstackCOMRAM,global,class=COMRAM,space=1,delta=1,noexec
     7                           	psect	text0,global,reloc=2,class=CODE,delta=1
     8                           	psect	intsave_regs,global,class=BIGRAM,space=1,delta=1,noexec
     9                           	psect	rparam,global,class=COMRAM,space=1,delta=1,noexec
    10  0000                     
    11                           ; Version 2.05
    12                           ; Generated 20/12/2018 GMT
    13                           ; 
    14                           ; Copyright © 2018, Microchip Technology Inc. and its subsidiaries ("Microchip")
    15                           ; All rights reserved.
    16                           ; 
    17                           ; This software is developed by Microchip Technology Inc. and its subsidiaries ("Microch
      +                          ip").
    18                           ; 
    19                           ; Redistribution and use in source and binary forms, with or without modification, are
    20                           ; permitted provided that the following conditions are met:
    21                           ; 
    22                           ;     1. Redistributions of source code must retain the above copyright notice, this lis
      +                          t of
    23                           ;        conditions and the following disclaimer.
    24                           ; 
    25                           ;     2. Redistributions in binary form must reproduce the above copyright notice, this 
      +                          list
    26                           ;        of conditions and the following disclaimer in the documentation and/or other
    27                           ;        materials provided with the distribution.
    28                           ; 
    29                           ;     3. Microchip's name may not be used to endorse or promote products derived from th
      +                          is
    30                           ;        software without specific prior written permission.
    31                           ; 
    32                           ; THIS SOFTWARE IS PROVIDED BY MICROCHIP "AS IS" AND ANY EXPRESS OR IMPLIED WARRANTIES,
    33                           ; INCLUDING, BUT NOT LIMITED TO, THE IMPLIED WARRANTIES OF MERCHANTABILITY AND FITNESS F
      +                          OR
    34                           ; PURPOSE ARE DISCLAIMED.  IN NO EVENT SHALL MICROCHIP BE LIABLE FOR ANY DIRECT, INDIREC
      +                          T,
    35                           ; INCIDENTAL, SPECIAL, EXEMPLARY, OR CONSEQUENTIAL DAMAGES (INCLUDING BUT NOT LIMITED TO
    36                           ; PROCUREMENT OF SUBSTITUTE GOODS OR SERVICES; LOSS OF USE, DATA OR PROFITS; OR BUSINESS
    37                           ; INTERRUPTION) HOWSOEVER CAUSED AND ON ANY THEORY OF LIABILITY, WHETHER IN CONTRACT, ST
      +                          RICT
    38                           ; LIABILITY, OR TORT (INCLUDING NEGLIGENCE OR OTHERWISE) ARISING IN ANY WAY OUT OF THE U
      +                          SE OF
    39                           ; THIS SOFTWARE, EVEN IF ADVISED OF THE POSSIBILITY OF SUCH DAMAGE.
    40                           ; 
    41                           ; 
    42                           ; Code-generator required, PIC18F4550 Definitions
    43                           ; 
    44                           ; SFR Addresses
    45  0000                     _LATAbits	set	3977
    46  0000                     _TRISAbits	set	3986
    47  0000                     _TMR0L	set	4054
    48  0000                     _TMR0H	set	4055
    49  0000                     _INTCONbits	set	4082
    50  0000                     _TMR0ON	set	32431
    51  0000                     _PSA	set	32427
    52  0000                     _T0CS	set	32429
    53  0000                     _T08BIT	set	32430
    54                           
    55                           ; #config settings
    56  0000                     
    57                           	psect	cinit
    58  007FE0                     __pcinit:
    59                           	opt callstack 0
    60  007FE0                     start_initialization:
    61                           	opt callstack 0
    62  007FE0                     __initialization:
    63                           	opt callstack 0
    64  007FE0                     end_of_initialization:
    65                           	opt callstack 0
    66  007FE0                     __end_of__initialization:
    67                           	opt callstack 0
    68  007FE0  0100               	movlb	0
    69  007FE2  EFF3  F03F         	goto	_main	;jump to C main() function
    70                           
    71                           	psect	cstackCOMRAM
    72  000000                     __pcstackCOMRAM:
    73                           	opt callstack 0
    74  000000                     
    75                           ; 1 bytes @ 0x0
    76 ;;
    77 ;;Main: autosize = 0, tempsize = 0, incstack = 0, save=0
    78 ;;
    79 ;; *************** function _main *****************
    80 ;; Defined at:
    81 ;;		line 22 in file "newmain.c"
    82 ;; Parameters:    Size  Location     Type
    83 ;;		None
    84 ;; Auto vars:     Size  Location     Type
    85 ;;		None
    86 ;; Return value:  Size  Location     Type
    87 ;;                  1    wreg      void 
    88 ;; Registers used:
    89 ;;		wreg, status,2
    90 ;; Tracked objects:
    91 ;;		On entry : 0/0
    92 ;;		On exit  : 0/0
    93 ;;		Unchanged: 0/0
    94 ;; Data sizes:     COMRAM   BANK0   BANK1   BANK2   BANK3   BANK4   BANK5   BANK6   BANK7
    95 ;;      Params:         0       0       0       0       0       0       0       0       0
    96 ;;      Locals:         0       0       0       0       0       0       0       0       0
    97 ;;      Temps:          0       0       0       0       0       0       0       0       0
    98 ;;      Totals:         0       0       0       0       0       0       0       0       0
    99 ;;Total ram usage:        0 bytes
   100 ;; This function calls:
   101 ;;		Nothing
   102 ;; This function is called by:
   103 ;;		Startup code after reset
   104 ;; This function uses a non-reentrant model
   105 ;;
   106                           
   107                           	psect	text0
   108  007FE6                     __ptext0:
   109                           	opt callstack 0
   110  007FE6                     _main:
   111                           	opt callstack 31
   112                           
   113                           ;incstack = 0
   114  007FE6  8EF2               	bsf	4082,7,c	;volatile
   115  007FE8  8AF2               	bsf	4082,5,c	;volatile
   116  007FEA  9CD5               	bcf	4053,6,c	;volatile
   117  007FEC  9AD5               	bcf	4053,5,c	;volatile
   118  007FEE  86D5               	bsf	4053,3,c	;volatile
   119  007FF0  0E3C               	movlw	60
   120  007FF2  6ED7               	movwf	4055,c	;volatile
   121  007FF4  0EAF               	movlw	175
   122  007FF6  6ED6               	movwf	4054,c	;volatile
   123  007FF8  8ED5               	bsf	4053,7,c	;volatile
   124  007FFA  9A92               	bcf	3986,5,c	;volatile
   125  007FFC  EF00  F000         	goto	start
   126  008000                     __end_of_main:
   127                           	opt callstack 0
   128  0000                     
   129                           	psect	rparam
   130  0000                     tosu	equ	0xFFF
   131                           tosh	equ	0xFFE
   132                           tosl	equ	0xFFD
   133                           stkptr	equ	0xFFC
   134                           pclatu	equ	0xFFB
   135                           pclath	equ	0xFFA
   136                           pcl	equ	0xFF9
   137                           tblptru	equ	0xFF8
   138                           tblptrh	equ	0xFF7
   139                           tblptrl	equ	0xFF6
   140                           tablat	equ	0xFF5
   141                           prodh	equ	0xFF4
   142                           prodl	equ	0xFF3
   143                           indf0	equ	0xFEF
   144                           postinc0	equ	0xFEE
   145                           postdec0	equ	0xFED
   146                           preinc0	equ	0xFEC
   147                           plusw0	equ	0xFEB
   148                           fsr0h	equ	0xFEA
   149                           fsr0l	equ	0xFE9
   150                           wreg	equ	0xFE8
   151                           indf1	equ	0xFE7
   152                           postinc1	equ	0xFE6
   153                           postdec1	equ	0xFE5
   154                           preinc1	equ	0xFE4
   155                           plusw1	equ	0xFE3
   156                           fsr1h	equ	0xFE2
   157                           fsr1l	equ	0xFE1
   158                           bsr	equ	0xFE0
   159                           indf2	equ	0xFDF
   160                           postinc2	equ	0xFDE
   161                           postdec2	equ	0xFDD
   162                           preinc2	equ	0xFDC
   163                           plusw2	equ	0xFDB
   164                           fsr2h	equ	0xFDA
   165                           fsr2l	equ	0xFD9
   166                           status	equ	0xFD8


Data Sizes:
    Strings     0
    Constant    0
    Data        0
    BSS         0
    Persistent  0
    Stack       0

Auto Spaces:
    Space          Size  Autos    Used
    COMRAM           95      0       0
    BANK0           160      0       0
    BANK1           256      0       0
    BANK2           256      0       0
    BANK3           256      0       0
    BANK4           256      0       0
    BANK5           256      0       0
    BANK6           256      0       0
    BANK7           256      0       0

Pointer List with Targets:

    None.

Critical Paths under _main in COMRAM

    None.

Critical Paths under _main in BANK0

    None.

Critical Paths under _main in BANK1

    None.

Critical Paths under _main in BANK2

    None.

Critical Paths under _main in BANK3

    None.

Critical Paths under _main in BANK4

    None.

Critical Paths under _main in BANK5

    None.

Critical Paths under _main in BANK6

    None.

Critical Paths under _main in BANK7

    None.

Call Graph Tables:

 ---------------------------------------------------------------------------------
 (Depth) Function   	        Calls       Base Space   Used Autos Params    Refs
 ---------------------------------------------------------------------------------
 (0) _main                                                 0     0      0       0
 ---------------------------------------------------------------------------------
 Estimated maximum stack depth 0
 ---------------------------------------------------------------------------------

 Call Graph Graphs:

 _main (ROOT)

 Address spaces:
Name               Size   Autos  Total    Cost      Usage
BITCOMRAM           5F      0       0       0        0.0%
EEDATA             100      0       0       0        0.0%
NULL                 0      0       0       0        0.0%
CODE                 0      0       0       0        0.0%
COMRAM              5F      0       0       1        0.0%
STACK                0      0       0       2        0.0%
DATA                 0      0       0       3        0.0%
BITBANK0            A0      0       0       4        0.0%
BANK0               A0      0       0       5        0.0%
BITBANK1           100      0       0       6        0.0%
BANK1              100      0       0       7        0.0%
BITBANK2           100      0       0       8        0.0%
BANK2              100      0       0       9        0.0%
BITBANK3           100      0       0      10        0.0%
BANK3              100      0       0      11        0.0%
BITBANK4           100      0       0      12        0.0%
BANK4              100      0       0      13        0.0%
BITBANK5           100      0       0      14        0.0%
BANK5              100      0       0      15        0.0%
BITBANK6           100      0       0      16        0.0%
BANK6              100      0       0      17        0.0%
BITBANK7           100      0       0      18        0.0%
BANK7              100      0       0      19        0.0%
ABS                  0      0       0      20        0.0%
BIGRAM             7FF      0       0      21        0.0%
BITSFR               0      0       0     200        0.0%
SFR                  0      0       0     200        0.0%


Microchip Technology PIC18 Macro Assembler V2.05 build -831301201 
Symbol Table                                                                                   Mon Jul 15 21:40:26 2019

                    _PSA 007EAB             __CFG_FOSC$HS 000000             __CFG_WDT$OFF 000000  
                   _T0CS 007EAD                     _main 7FE6                     start 0000  
           ___param_bank 000000                    ?_main 0000                    _TMR0H 000FD7  
                  _TMR0L 000FD6           __CFG_MCLRE$OFF 000000          __initialization 7FE0  
           __end_of_main 8000                   ??_main 0000            __activetblptr 000000  
                 _T08BIT 007EAE                   _TMR0ON 007EAF               __accesstop 0060  
__end_of__initialization 7FE0            ___rparam_used 000001           __pcstackCOMRAM 0000  
                __Hparam 0000                  __Lparam 0000                  __pcinit 7FE0  
                __ramtop 0800                  __ptext0 7FE6     end_of_initialization 7FE0  
              _TRISAbits 000F92      start_initialization 7FE0                 _LATAbits 000F89  
               __Hrparam 0000                 __Lrparam 0000            __size_of_main 001A  
             _INTCONbits 000FF2  
